<?xml version="1.0" encoding="UTF-8"?>
<!-- Generated by org.testng.reporters.JUnitReportReporter -->
<testsuite hostname="LAPTOP-TDGH2G12" failures="0" tests="6" name="com.themesshopify.qa.testcases.DemoPageTests" time="127.026" errors="0" timestamp="2024-08-16T15:45:24 IST" skipped="0">
  <testcase classname="com.themesshopify.qa.testcases.DemoPageTests" name="OpenURL" time="25.307"/>
  <system-out/>
  <testcase classname="com.themesshopify.qa.testcases.DemoPageTests" name="OpenURL" time="16.660"/>
  <system-out/>
  <testcase classname="com.themesshopify.qa.testcases.DemoPageTests" name="OpenURL" time="15.823"/>
  <system-out/>
  <testcase classname="com.themesshopify.qa.testcases.DemoPageTests" name="OpenURL" time="23.542"/>
  <system-out/>
  <testcase classname="com.themesshopify.qa.testcases.DemoPageTests" name="OpenURL" time="18.209"/>
  <system-out/>
  <testcase classname="com.themesshopify.qa.testcases.DemoPageTests" name="OpenURL" time="27.485"/>
  <system-out/>
</testsuite> <!-- com.themesshopify.qa.testcases.DemoPageTests -->
